<?xml version="1.0" encoding="UTF-8"?>
<testng-results skipped="0" failed="1" total="3" passed="2">
  <reporter-output>
  </reporter-output>
  <suite name="Suite1" duration-ms="48730" started-at="2015-10-19T03:59:43Z" finished-at="2015-10-19T04:00:32Z">
    <groups>
    </groups>
    <test name="demonstration" duration-ms="48730" started-at="2015-10-19T03:59:43Z" finished-at="2015-10-19T04:00:32Z">
      <class name="tests.LoginTests">
        <test-method status="PASS" signature="setUp()[pri:0, instance:tests.LoginTests@35fb3008]" name="setUp" is-config="true" duration-ms="12045" started-at="2015-10-19T06:59:43Z" finished-at="2015-10-19T06:59:55Z">
          <reporter-output>
          </reporter-output>
        </test-method> <!-- setUp -->
        <test-method status="PASS" signature="LoginTestPositive()[pri:0, instance:tests.LoginTests@35fb3008]" name="LoginTestPositive" duration-ms="2694" started-at="2015-10-19T06:59:55Z" finished-at="2015-10-19T06:59:58Z">
          <reporter-output>
          </reporter-output>
        </test-method> <!-- LoginTestPositive -->
        <test-method status="PASS" signature="tearDown()[pri:0, instance:tests.LoginTests@35fb3008]" name="tearDown" is-config="true" duration-ms="36" started-at="2015-10-19T06:59:58Z" finished-at="2015-10-19T06:59:58Z">
          <reporter-output>
          </reporter-output>
        </test-method> <!-- tearDown -->
        <test-method status="PASS" signature="setUp()[pri:0, instance:tests.LoginTests@35fb3008]" name="setUp" is-config="true" duration-ms="9353" started-at="2015-10-19T06:59:58Z" finished-at="2015-10-19T07:00:07Z">
          <reporter-output>
          </reporter-output>
        </test-method> <!-- setUp -->
        <test-method status="PASS" signature="LoginTestNegative()[pri:0, instance:tests.LoginTests@35fb3008]" name="LoginTestNegative" duration-ms="1747" started-at="2015-10-19T07:00:07Z" finished-at="2015-10-19T07:00:09Z">
          <reporter-output>
          </reporter-output>
        </test-method> <!-- LoginTestNegative -->
        <test-method status="PASS" signature="tearDown()[pri:0, instance:tests.LoginTests@35fb3008]" name="tearDown" is-config="true" duration-ms="36" started-at="2015-10-19T07:00:09Z" finished-at="2015-10-19T07:00:09Z">
          <reporter-output>
          </reporter-output>
        </test-method> <!-- tearDown -->
      </class> <!-- tests.LoginTests -->
      <class name="tests.CreatePlayerTest">
        <test-method status="PASS" signature="setUp()[pri:0, instance:tests.CreatePlayerTest@47f6473]" name="setUp" is-config="true" duration-ms="12473" started-at="2015-10-19T07:00:09Z" finished-at="2015-10-19T07:00:21Z">
          <reporter-output>
          </reporter-output>
        </test-method> <!-- setUp -->
        <test-method status="FAIL" signature="testCreatePlayer()[pri:0, instance:tests.CreatePlayerTest@47f6473]" name="testCreatePlayer" duration-ms="10243" started-at="2015-10-19T07:00:21Z" finished-at="2015-10-19T07:00:32Z">
          <exception class="java.lang.AssertionError">
            <message>
              <![CDATA[null]]>
            </message>
            <full-stacktrace>
              <![CDATA[java.lang.AssertionError: null
	at org.testng.Assert.fail(Assert.java:94)
	at org.testng.Assert.fail(Assert.java:101)
	at tools.SoftAsserts.printErrors(SoftAsserts.java:33)
	at tests.CreatePlayerTest.testCreatePlayer(CreatePlayerTest.java:92)
	at sun.reflect.NativeMethodAccessorImpl.invoke0(Native Method)
	at sun.reflect.NativeMethodAccessorImpl.invoke(NativeMethodAccessorImpl.java:62)
	at sun.reflect.DelegatingMethodAccessorImpl.invoke(DelegatingMethodAccessorImpl.java:43)
	at java.lang.reflect.Method.invoke(Method.java:497)
	at org.testng.internal.MethodInvocationHelper.invokeMethod(MethodInvocationHelper.java:84)
	at org.testng.internal.Invoker.invokeMethod(Invoker.java:714)
	at org.testng.internal.Invoker.invokeTestMethod(Invoker.java:901)
	at org.testng.internal.Invoker.invokeTestMethods(Invoker.java:1231)
	at org.testng.internal.TestMethodWorker.invokeTestMethods(TestMethodWorker.java:127)
	at org.testng.internal.TestMethodWorker.run(TestMethodWorker.java:111)
	at org.testng.TestRunner.privateRun(TestRunner.java:767)
	at org.testng.TestRunner.run(TestRunner.java:617)
	at org.testng.SuiteRunner.runTest(SuiteRunner.java:348)
	at org.testng.SuiteRunner.runSequentially(SuiteRunner.java:343)
	at org.testng.SuiteRunner.privateRun(SuiteRunner.java:305)
	at org.testng.SuiteRunner.run(SuiteRunner.java:254)
	at org.testng.SuiteRunnerWorker.runSuite(SuiteRunnerWorker.java:52)
	at org.testng.SuiteRunnerWorker.run(SuiteRunnerWorker.java:86)
	at org.testng.TestNG.runSuitesSequentially(TestNG.java:1224)
	at org.testng.TestNG.runSuitesLocally(TestNG.java:1149)
	at org.testng.TestNG.run(TestNG.java:1057)
	at org.apache.maven.surefire.testng.TestNGExecutor.run(TestNGExecutor.java:295)
	at org.apache.maven.surefire.testng.TestNGXmlTestSuite.execute(TestNGXmlTestSuite.java:84)
	at org.apache.maven.surefire.testng.TestNGProvider.invoke(TestNGProvider.java:90)
	at org.apache.maven.surefire.booter.ForkedBooter.invokeProviderInSameClassLoader(ForkedBooter.java:203)
	at org.apache.maven.surefire.booter.ForkedBooter.runSuitesInProcess(ForkedBooter.java:155)
	at org.apache.maven.surefire.booter.ForkedBooter.main(ForkedBooter.java:103)
]]>
            </full-stacktrace>
          </exception> <!-- java.lang.AssertionError -->
          <reporter-output>
          </reporter-output>
        </test-method> <!-- testCreatePlayer -->
        <test-method status="PASS" signature="tearDown()[pri:0, instance:tests.CreatePlayerTest@47f6473]" name="tearDown" is-config="true" duration-ms="63" started-at="2015-10-19T07:00:32Z" finished-at="2015-10-19T07:00:32Z">
          <reporter-output>
          </reporter-output>
        </test-method> <!-- tearDown -->
      </class> <!-- tests.CreatePlayerTest -->
    </test> <!-- demonstration -->
  </suite> <!-- Suite1 -->
</testng-results>
